# JRE version: OpenJDK Runtime Environment (Zulu 8.48.0.53-CA-win64) (8.0_265-b11) (build 1.8.0_265-b11)
# Java VM: OpenJDK 64-Bit Server VM (25.265-b11 mixed mode windows-amd64 compressed oops)
Heap:
 PSYoungGen      total 76288K, used 57175K [0x000000076b180000, 0x0000000772580000, 0x00000007c0000000)
  eden space 65536K, 78% used [0x000000076b180000,0x000000076e3a02e0,0x000000076f180000)
  from space 10752K, 54% used [0x000000076f180000,0x000000076f735938,0x000000076fc00000)
  to   space 8192K, 0% used [0x0000000771d80000,0x0000000771d80000,0x0000000772580000)
 ParOldGen       total 99840K, used 6568K [0x00000006c1400000, 0x00000006c7580000, 0x000000076b180000)
  object space 99840K, 6% used [0x00000006c1400000,0x00000006c1a6a118,0x00000006c7580000)
 Metaspace       used 29007K, capacity 29816K, committed 30080K, reserved 1075200K
  class space    used 3671K, capacity 3854K, committed 3968K, reserved 1048576K
GC Heap History (10 events):
Event: 6.125 GC heap before
{Heap before GC invocations=2 (full 0):
 PSYoungGen      total 76288K, used 70965K [0x000000076b180000, 0x0000000770680000, 0x00000007c0000000)
  eden space 65536K, 100% used [0x000000076b180000,0x000000076f180000,0x000000076f180000)
  from space 10752K, 50% used [0x000000076f180000,0x000000076f6cd670,0x000000076fc00000)
  to   space 10752K, 0% used [0x000000076fc00000,0x000000076fc00000,0x0000000770680000)
 ParOldGen       total 175104K, used 80K [0x00000006c1400000, 0x00000006cbf00000, 0x000000076b180000)
  object space 175104K, 0% used [0x00000006c1400000,0x00000006c1414010,0x00000006cbf00000)
 Metaspace       used 15338K, capacity 15740K, committed 16000K, reserved 1062912K
  class space    used 1795K, capacity 1896K, committed 1920K, reserved 1048576K
Event: 6.135 GC heap after
Heap after GC invocations=2 (full 0):
 PSYoungGen      total 76288K, used 6712K [0x000000076b180000, 0x0000000770680000, 0x00000007c0000000)
  eden space 65536K, 0% used [0x000000076b180000,0x000000076b180000,0x000000076f180000)
  from space 10752K, 62% used [0x000000076fc00000,0x000000077028e1a8,0x0000000770680000)
  to   space 10752K, 0% used [0x000000076f180000,0x000000076f180000,0x000000076fc00000)
 ParOldGen       total 175104K, used 88K [0x00000006c1400000, 0x00000006cbf00000, 0x000000076b180000)
  object space 175104K, 0% used [0x00000006c1400000,0x00000006c1416010,0x00000006cbf00000)
 Metaspace       used 15338K, capacity 15740K, committed 16000K, reserved 1062912K
  class space    used 1795K, capacity 1896K, committed 1920K, reserved 1048576K
}
Event: 7.112 GC heap before
{Heap before GC invocations=3 (full 0):
 PSYoungGen      total 76288K, used 72248K [0x000000076b180000, 0x0000000770680000, 0x00000007c0000000)
  eden space 65536K, 100% used [0x000000076b180000,0x000000076f180000,0x000000076f180000)
  from space 10752K, 62% used [0x000000076fc00000,0x000000077028e1a8,0x0000000770680000)
  to   space 10752K, 0% used [0x000000076f180000,0x000000076f180000,0x000000076fc00000)
 ParOldGen       total 175104K, used 88K [0x00000006c1400000, 0x00000006cbf00000, 0x000000076b180000)
  object space 175104K, 0% used [0x00000006c1400000,0x00000006c1416010,0x00000006cbf00000)
 Metaspace       used 18781K, capacity 19382K, committed 19712K, reserved 1067008K
  class space    used 2310K, capacity 2441K, committed 2560K, reserved 1048576K
Event: 7.132 GC heap after
Heap after GC invocations=3 (full 0):
 PSYoungGen      total 76288K, used 7270K [0x000000076b180000, 0x0000000770680000, 0x00000007c0000000)
  eden space 65536K, 0% used [0x000000076b180000,0x000000076b180000,0x000000076f180000)
  from space 10752K, 67% used [0x000000076f180000,0x000000076f899970,0x000000076fc00000)
  to   space 10752K, 0% used [0x000000076fc00000,0x000000076fc00000,0x0000000770680000)
 ParOldGen       total 175104K, used 96K [0x00000006c1400000, 0x00000006cbf00000, 0x000000076b180000)
  object space 175104K, 0% used [0x00000006c1400000,0x00000006c1418010,0x00000006cbf00000)
 Metaspace       used 18781K, capacity 19382K, committed 19712K, reserved 1067008K
  class space    used 2310K, capacity 2441K, committed 2560K, reserved 1048576K
}
Event: 7.999 GC heap before
{Heap before GC invocations=4 (full 0):
 PSYoungGen      total 76288K, used 62255K [0x000000076b180000, 0x0000000770680000, 0x00000007c0000000)
  eden space 65536K, 83% used [0x000000076b180000,0x000000076e732348,0x000000076f180000)
  from space 10752K, 67% used [0x000000076f180000,0x000000076f899970,0x000000076fc00000)
  to   space 10752K, 0% used [0x000000076fc00000,0x000000076fc00000,0x0000000770680000)
 ParOldGen       total 175104K, used 96K [0x00000006c1400000, 0x00000006cbf00000, 0x000000076b180000)
  object space 175104K, 0% used [0x00000006c1400000,0x00000006c1418010,0x00000006cbf00000)
 Metaspace       used 20425K, capacity 21104K, committed 21248K, reserved 1067008K
  class space    used 2560K, capacity 2724K, committed 2816K, reserved 1048576K
Event: 8.009 GC heap after
Heap after GC invocations=4 (full 0):
 PSYoungGen      total 76288K, used 6803K [0x000000076b180000, 0x0000000770680000, 0x00000007c0000000)
  eden space 65536K, 0% used [0x000000076b180000,0x000000076b180000,0x000000076f180000)
  from space 10752K, 63% used [0x000000076fc00000,0x00000007702a4fc8,0x0000000770680000)
  to   space 10752K, 0% used [0x000000076f180000,0x000000076f180000,0x000000076fc00000)
 ParOldGen       total 175104K, used 104K [0x00000006c1400000, 0x00000006cbf00000, 0x000000076b180000)
  object space 175104K, 0% used [0x00000006c1400000,0x00000006c141a010,0x00000006cbf00000)
 Metaspace       used 20425K, capacity 21104K, committed 21248K, reserved 1067008K
  class space    used 2560K, capacity 2724K, committed 2816K, reserved 1048576K
}
Event: 8.009 GC heap before
{Heap before GC invocations=5 (full 1):
 PSYoungGen      total 76288K, used 6803K [0x000000076b180000, 0x0000000770680000, 0x00000007c0000000)
  eden space 65536K, 0% used [0x000000076b180000,0x000000076b180000,0x000000076f180000)
  from space 10752K, 63% used [0x000000076fc00000,0x00000007702a4fc8,0x0000000770680000)
  to   space 10752K, 0% used [0x000000076f180000,0x000000076f180000,0x000000076fc00000)
 ParOldGen       total 175104K, used 104K [0x00000006c1400000, 0x00000006cbf00000, 0x000000076b180000)
  object space 175104K, 0% used [0x00000006c1400000,0x00000006c141a010,0x00000006cbf00000)
 Metaspace       used 20425K, capacity 21104K, committed 21248K, reserved 1067008K
  class space    used 2560K, capacity 2724K, committed 2816K, reserved 1048576K
Event: 8.071 GC heap after
Heap after GC invocations=5 (full 1):
 PSYoungGen      total 76288K, used 0K [0x000000076b180000, 0x0000000770680000, 0x00000007c0000000)
  eden space 65536K, 0% used [0x000000076b180000,0x000000076b180000,0x000000076f180000)
  from space 10752K, 0% used [0x000000076fc00000,0x000000076fc00000,0x0000000770680000)
  to   space 10752K, 0% used [0x000000076f180000,0x000000076f180000,0x000000076fc00000)
 ParOldGen       total 99840K, used 6560K [0x00000006c1400000, 0x00000006c7580000, 0x000000076b180000)
  object space 99840K, 6% used [0x00000006c1400000,0x00000006c1a68118,0x00000006c7580000)
 Metaspace       used 20425K, capacity 21104K, committed 21248K, reserved 1067008K
  class space    used 2560K, capacity 2724K, committed 2816K, reserved 1048576K
}
Event: 8.893 GC heap before
{Heap before GC invocations=6 (full 1):
 PSYoungGen      total 76288K, used 65536K [0x000000076b180000, 0x0000000770680000, 0x00000007c0000000)
  eden space 65536K, 100% used [0x000000076b180000,0x000000076f180000,0x000000076f180000)
  from space 10752K, 0% used [0x000000076fc00000,0x000000076fc00000,0x0000000770680000)
  to   space 10752K, 0% used [0x000000076f180000,0x000000076f180000,0x000000076fc00000)
 ParOldGen       total 99840K, used 6560K [0x00000006c1400000, 0x00000006c7580000, 0x000000076b180000)
  object space 99840K, 6% used [0x00000006c1400000,0x00000006c1a68118,0x00000006c7580000)
 Metaspace       used 25391K, capacity 26078K, committed 26496K, reserved 1073152K
  class space    used 3209K, capacity 3381K, committed 3456K, reserved 1048576K
Event: 8.899 GC heap after
Heap after GC invocations=6 (full 1):
 PSYoungGen      total 76288K, used 5846K [0x000000076b180000, 0x0000000772580000, 0x00000007c0000000)
  eden space 65536K, 0% used [0x000000076b180000,0x000000076b180000,0x000000076f180000)
  from space 10752K, 54% used [0x000000076f180000,0x000000076f735938,0x000000076fc00000)
  to   space 8192K, 0% used [0x0000000771d80000,0x0000000771d80000,0x0000000772580000)
 ParOldGen       total 99840K, used 6568K [0x00000006c1400000, 0x00000006c7580000, 0x000000076b180000)
  object space 99840K, 6% used [0x00000006c1400000,0x00000006c1a6a118,0x00000006c7580000)
 Metaspace       used 25391K, capacity 26078K, committed 26496K, reserved 1073152K
  class space    used 3209K, capacity 3381K, committed 3456K, reserved 1048576K
}

