# JRE version: OpenJDK Runtime Environment (Zulu 8.48.0.53-CA-win64) (8.0_265-b11) (build 1.8.0_265-b11)
# Java VM: OpenJDK 64-Bit Server VM (25.265-b11 mixed mode windows-amd64 compressed oops)
Heap:
 PSYoungGen      total 299520K, used 29999K [0x000000076b180000, 0x000000077f580000, 0x00000007c0000000)
  eden space 285696K, 5% used [0x000000076b180000,0x000000076c1bfa10,0x000000077c880000)
  from space 13824K, 96% used [0x000000077e800000,0x000000077f50c380,0x000000077f580000)
  to   space 17920K, 0% used [0x000000077d280000,0x000000077d280000,0x000000077e400000)
 ParOldGen       total 163840K, used 36683K [0x00000006c1400000, 0x00000006cb400000, 0x000000076b180000)
  object space 163840K, 22% used [0x00000006c1400000,0x00000006c37d2d40,0x00000006cb400000)
 Metaspace       used 66899K, capacity 69484K, committed 69720K, reserved 1110016K
  class space    used 8778K, capacity 9244K, committed 9344K, reserved 1048576K
GC Heap History (10 events):
Event: 18.900 GC heap before
{Heap before GC invocations=13 (full 2):
 PSYoungGen      total 204288K, used 203970K [0x000000076b180000, 0x0000000778d80000, 0x00000007c0000000)
  eden space 196096K, 100% used [0x000000076b180000,0x0000000777100000,0x0000000777100000)
  from space 8192K, 96% used [0x0000000778580000,0x0000000778d30b80,0x0000000778d80000)
  to   space 10240K, 0% used [0x0000000777980000,0x0000000777980000,0x0000000778380000)
 ParOldGen       total 163840K, used 16395K [0x00000006c1400000, 0x00000006cb400000, 0x000000076b180000)
  object space 163840K, 10% used [0x00000006c1400000,0x00000006c2402c90,0x00000006cb400000)
 Metaspace       used 45593K, capacity 47378K, committed 47704K, reserved 1091584K
  class space    used 5832K, capacity 6159K, committed 6272K, reserved 1048576K
Event: 18.920 GC heap after
Heap after GC invocations=13 (full 2):
 PSYoungGen      total 215040K, used 10214K [0x000000076b180000, 0x000000077b880000, 0x00000007c0000000)
  eden space 204800K, 0% used [0x000000076b180000,0x000000076b180000,0x0000000777980000)
  from space 10240K, 99% used [0x0000000777980000,0x0000000778379ae8,0x0000000778380000)
  to   space 13312K, 0% used [0x000000077ab80000,0x000000077ab80000,0x000000077b880000)
 ParOldGen       total 163840K, used 22065K [0x00000006c1400000, 0x00000006cb400000, 0x000000076b180000)
  object space 163840K, 13% used [0x00000006c1400000,0x00000006c298c788,0x00000006cb400000)
 Metaspace       used 45593K, capacity 47378K, committed 47704K, reserved 1091584K
  class space    used 5832K, capacity 6159K, committed 6272K, reserved 1048576K
}
Event: 22.063 GC heap before
{Heap before GC invocations=14 (full 2):
 PSYoungGen      total 215040K, used 215014K [0x000000076b180000, 0x000000077b880000, 0x00000007c0000000)
  eden space 204800K, 100% used [0x000000076b180000,0x0000000777980000,0x0000000777980000)
  from space 10240K, 99% used [0x0000000777980000,0x0000000778379ae8,0x0000000778380000)
  to   space 13312K, 0% used [0x000000077ab80000,0x000000077ab80000,0x000000077b880000)
 ParOldGen       total 163840K, used 22065K [0x00000006c1400000, 0x00000006cb400000, 0x000000076b180000)
  object space 163840K, 13% used [0x00000006c1400000,0x00000006c298c788,0x00000006cb400000)
 Metaspace       used 48090K, capacity 50250K, committed 50392K, reserved 1093632K
  class space    used 6186K, capacity 6565K, committed 6656K, reserved 1048576K
Event: 22.086 GC heap after
Heap after GC invocations=14 (full 2):
 PSYoungGen      total 254976K, used 12052K [0x000000076b180000, 0x000000077c400000, 0x00000007c0000000)
  eden space 241664K, 0% used [0x000000076b180000,0x000000076b180000,0x0000000779d80000)
  from space 13312K, 90% used [0x000000077ab80000,0x000000077b745310,0x000000077b880000)
  to   space 14336K, 0% used [0x0000000779d80000,0x0000000779d80000,0x000000077ab80000)
 ParOldGen       total 163840K, used 25593K [0x00000006c1400000, 0x00000006cb400000, 0x000000076b180000)
  object space 163840K, 15% used [0x00000006c1400000,0x00000006c2cfe7e8,0x00000006cb400000)
 Metaspace       used 48090K, capacity 50250K, committed 50392K, reserved 1093632K
  class space    used 6186K, capacity 6565K, committed 6656K, reserved 1048576K
}
Event: 24.608 GC heap before
{Heap before GC invocations=15 (full 2):
 PSYoungGen      total 254976K, used 145399K [0x000000076b180000, 0x000000077c400000, 0x00000007c0000000)
  eden space 241664K, 55% used [0x000000076b180000,0x00000007733b89d8,0x0000000779d80000)
  from space 13312K, 90% used [0x000000077ab80000,0x000000077b745310,0x000000077b880000)
  to   space 14336K, 0% used [0x0000000779d80000,0x0000000779d80000,0x000000077ab80000)
 ParOldGen       total 163840K, used 25593K [0x00000006c1400000, 0x00000006cb400000, 0x000000076b180000)
  object space 163840K, 15% used [0x00000006c1400000,0x00000006c2cfe7e8,0x00000006cb400000)
 Metaspace       used 56606K, capacity 58784K, committed 59028K, reserved 1101824K
  class space    used 7264K, capacity 7668K, committed 7680K, reserved 1048576K
Event: 24.636 GC heap after
Heap after GC invocations=15 (full 2):
 PSYoungGen      total 256000K, used 14321K [0x000000076b180000, 0x000000077f900000, 0x00000007c0000000)
  eden space 241664K, 0% used [0x000000076b180000,0x000000076b180000,0x0000000779d80000)
  from space 14336K, 99% used [0x0000000779d80000,0x000000077ab7c550,0x000000077ab80000)
  to   space 17408K, 0% used [0x000000077e800000,0x000000077e800000,0x000000077f900000)
 ParOldGen       total 163840K, used 29850K [0x00000006c1400000, 0x00000006cb400000, 0x000000076b180000)
  object space 163840K, 18% used [0x00000006c1400000,0x00000006c3126b20,0x00000006cb400000)
 Metaspace       used 56606K, capacity 58784K, committed 59028K, reserved 1101824K
  class space    used 7264K, capacity 7668K, committed 7680K, reserved 1048576K
}
Event: 24.636 GC heap before
{Heap before GC invocations=16 (full 3):
 PSYoungGen      total 256000K, used 14321K [0x000000076b180000, 0x000000077f900000, 0x00000007c0000000)
  eden space 241664K, 0% used [0x000000076b180000,0x000000076b180000,0x0000000779d80000)
  from space 14336K, 99% used [0x0000000779d80000,0x000000077ab7c550,0x000000077ab80000)
  to   space 17408K, 0% used [0x000000077e800000,0x000000077e800000,0x000000077f900000)
 ParOldGen       total 163840K, used 29850K [0x00000006c1400000, 0x00000006cb400000, 0x000000076b180000)
  object space 163840K, 18% used [0x00000006c1400000,0x00000006c3126b20,0x00000006cb400000)
 Metaspace       used 56606K, capacity 58784K, committed 59028K, reserved 1101824K
  class space    used 7264K, capacity 7668K, committed 7680K, reserved 1048576K
Event: 25.033 GC heap after
Heap after GC invocations=16 (full 3):
 PSYoungGen      total 256000K, used 0K [0x000000076b180000, 0x000000077f900000, 0x00000007c0000000)
  eden space 241664K, 0% used [0x000000076b180000,0x000000076b180000,0x0000000779d80000)
  from space 14336K, 0% used [0x0000000779d80000,0x0000000779d80000,0x000000077ab80000)
  to   space 17408K, 0% used [0x000000077e800000,0x000000077e800000,0x000000077f900000)
 ParOldGen       total 163840K, used 36675K [0x00000006c1400000, 0x00000006cb400000, 0x000000076b180000)
  object space 163840K, 22% used [0x00000006c1400000,0x00000006c37d0d40,0x00000006cb400000)
 Metaspace       used 56606K, capacity 58784K, committed 59028K, reserved 1101824K
  class space    used 7264K, capacity 7668K, committed 7680K, reserved 1048576K
}
Event: 29.950 GC heap before
{Heap before GC invocations=17 (full 3):
 PSYoungGen      total 256000K, used 241664K [0x000000076b180000, 0x000000077f900000, 0x00000007c0000000)
  eden space 241664K, 100% used [0x000000076b180000,0x0000000779d80000,0x0000000779d80000)
  from space 14336K, 0% used [0x0000000779d80000,0x0000000779d80000,0x000000077ab80000)
  to   space 17408K, 0% used [0x000000077e800000,0x000000077e800000,0x000000077f900000)
 ParOldGen       total 163840K, used 36675K [0x00000006c1400000, 0x00000006cb400000, 0x000000076b180000)
  object space 163840K, 22% used [0x00000006c1400000,0x00000006c37d0d40,0x00000006cb400000)
 Metaspace       used 66315K, capacity 68866K, committed 69080K, reserved 1110016K
  class space    used 8721K, capacity 9169K, committed 9216K, reserved 1048576K
Event: 29.980 GC heap after
Heap after GC invocations=17 (full 3):
 PSYoungGen      total 299520K, used 13360K [0x000000076b180000, 0x000000077f580000, 0x00000007c0000000)
  eden space 285696K, 0% used [0x000000076b180000,0x000000076b180000,0x000000077c880000)
  from space 13824K, 96% used [0x000000077e800000,0x000000077f50c380,0x000000077f580000)
  to   space 17920K, 0% used [0x000000077d280000,0x000000077d280000,0x000000077e400000)
 ParOldGen       total 163840K, used 36683K [0x00000006c1400000, 0x00000006cb400000, 0x000000076b180000)
  object space 163840K, 22% used [0x00000006c1400000,0x00000006c37d2d40,0x00000006cb400000)
 Metaspace       used 66315K, capacity 68866K, committed 69080K, reserved 1110016K
  class space    used 8721K, capacity 9169K, committed 9216K, reserved 1048576K
}

