# JRE version: OpenJDK Runtime Environment (Zulu 8.48.0.53-CA-win64) (8.0_265-b11) (build 1.8.0_265-b11)
# Java VM: OpenJDK 64-Bit Server VM (25.265-b11 mixed mode windows-amd64 compressed oops)
Heap:
 PSYoungGen      total 212992K, used 34302K [0x000000076b180000, 0x0000000779d00000, 0x00000007c0000000)
  eden space 204800K, 12% used [0x000000076b180000,0x000000076cb514f8,0x0000000777980000)
  from space 8192K, 96% used [0x0000000779500000,0x0000000779cae3d8,0x0000000779d00000)
  to   space 10752K, 0% used [0x0000000778800000,0x0000000778800000,0x0000000779280000)
 ParOldGen       total 161280K, used 16854K [0x00000006c1400000, 0x00000006cb180000, 0x000000076b180000)
  object space 161280K, 10% used [0x00000006c1400000,0x00000006c2475bb0,0x00000006cb180000)
 Metaspace       used 40455K, capacity 41810K, committed 42072K, reserved 1085440K
  class space    used 5180K, capacity 5445K, committed 5464K, reserved 1048576K
GC Heap History (10 events):
Event: 9.568 GC heap before
{Heap before GC invocations=8 (full 1):
 PSYoungGen      total 112128K, used 109196K [0x000000076b180000, 0x0000000772780000, 0x00000007c0000000)
  eden space 103936K, 100% used [0x000000076b180000,0x0000000771700000,0x0000000771700000)
  from space 8192K, 64% used [0x0000000771f00000,0x0000000772423000,0x0000000772700000)
  to   space 8192K, 0% used [0x0000000771700000,0x0000000771700000,0x0000000771f00000)
 ParOldGen       total 99328K, used 6898K [0x00000006c1400000, 0x00000006c7500000, 0x000000076b180000)
  object space 99328K, 6% used [0x00000006c1400000,0x00000006c1abcaf0,0x00000006c7500000)
 Metaspace       used 30483K, capacity 31346K, committed 31488K, reserved 1077248K
  class space    used 3853K, capacity 4057K, committed 4096K, reserved 1048576K
Event: 9.581 GC heap after
Heap after GC invocations=8 (full 1):
 PSYoungGen      total 112128K, used 7893K [0x000000076b180000, 0x0000000776380000, 0x00000007c0000000)
  eden space 103936K, 0% used [0x000000076b180000,0x000000076b180000,0x0000000771700000)
  from space 8192K, 96% used [0x0000000771700000,0x0000000771eb5648,0x0000000771f00000)
  to   space 8704K, 0% used [0x0000000775b00000,0x0000000775b00000,0x0000000776380000)
 ParOldGen       total 99328K, used 6906K [0x00000006c1400000, 0x00000006c7500000, 0x000000076b180000)
  object space 99328K, 6% used [0x00000006c1400000,0x00000006c1abeaf0,0x00000006c7500000)
 Metaspace       used 30483K, capacity 31346K, committed 31488K, reserved 1077248K
  class space    used 3853K, capacity 4057K, committed 4096K, reserved 1048576K
}
Event: 10.913 GC heap before
{Heap before GC invocations=9 (full 1):
 PSYoungGen      total 112128K, used 111829K [0x000000076b180000, 0x0000000776380000, 0x00000007c0000000)
  eden space 103936K, 100% used [0x000000076b180000,0x0000000771700000,0x0000000771700000)
  from space 8192K, 96% used [0x0000000771700000,0x0000000771eb5648,0x0000000771f00000)
  to   space 8704K, 0% used [0x0000000775b00000,0x0000000775b00000,0x0000000776380000)
 ParOldGen       total 99328K, used 6906K [0x00000006c1400000, 0x00000006c7500000, 0x000000076b180000)
  object space 99328K, 6% used [0x00000006c1400000,0x00000006c1abeaf0,0x00000006c7500000)
 Metaspace       used 32075K, capacity 33142K, committed 33280K, reserved 1079296K
  class space    used 4094K, capacity 4313K, committed 4352K, reserved 1048576K
Event: 10.930 GC heap after
Heap after GC invocations=9 (full 1):
 PSYoungGen      total 172032K, used 8685K [0x000000076b180000, 0x0000000776780000, 0x00000007c0000000)
  eden space 163328K, 0% used [0x000000076b180000,0x000000076b180000,0x0000000775100000)
  from space 8704K, 99% used [0x0000000775b00000,0x000000077637b4b0,0x0000000776380000)
  to   space 10240K, 0% used [0x0000000775100000,0x0000000775100000,0x0000000775b00000)
 ParOldGen       total 99328K, used 8931K [0x00000006c1400000, 0x00000006c7500000, 0x000000076b180000)
  object space 99328K, 8% used [0x00000006c1400000,0x00000006c1cb8cd0,0x00000006c7500000)
 Metaspace       used 32075K, capacity 33142K, committed 33280K, reserved 1079296K
  class space    used 4094K, capacity 4313K, committed 4352K, reserved 1048576K
}
Event: 12.224 GC heap before
{Heap before GC invocations=10 (full 1):
 PSYoungGen      total 172032K, used 106177K [0x000000076b180000, 0x0000000776780000, 0x00000007c0000000)
  eden space 163328K, 59% used [0x000000076b180000,0x00000007710b4f58,0x0000000775100000)
  from space 8704K, 99% used [0x0000000775b00000,0x000000077637b4b0,0x0000000776380000)
  to   space 10240K, 0% used [0x0000000775100000,0x0000000775100000,0x0000000775b00000)
 ParOldGen       total 99328K, used 8931K [0x00000006c1400000, 0x00000006c7500000, 0x000000076b180000)
  object space 99328K, 8% used [0x00000006c1400000,0x00000006c1cb8cd0,0x00000006c7500000)
 Metaspace       used 34185K, capacity 35324K, committed 35416K, reserved 1079296K
  class space    used 4416K, capacity 4640K, committed 4696K, reserved 1048576K
Event: 12.238 GC heap after
Heap after GC invocations=10 (full 1):
 PSYoungGen      total 173568K, used 8829K [0x000000076b180000, 0x0000000779f80000, 0x00000007c0000000)
  eden space 163328K, 0% used [0x000000076b180000,0x000000076b180000,0x0000000775100000)
  from space 10240K, 86% used [0x0000000775100000,0x000000077599f790,0x0000000775b00000)
  to   space 10752K, 0% used [0x0000000779500000,0x0000000779500000,0x0000000779f80000)
 ParOldGen       total 99328K, used 11870K [0x00000006c1400000, 0x00000006c7500000, 0x000000076b180000)
  object space 99328K, 11% used [0x00000006c1400000,0x00000006c1f97850,0x00000006c7500000)
 Metaspace       used 34185K, capacity 35324K, committed 35416K, reserved 1079296K
  class space    used 4416K, capacity 4640K, committed 4696K, reserved 1048576K
}
Event: 12.239 GC heap before
{Heap before GC invocations=11 (full 2):
 PSYoungGen      total 173568K, used 8829K [0x000000076b180000, 0x0000000779f80000, 0x00000007c0000000)
  eden space 163328K, 0% used [0x000000076b180000,0x000000076b180000,0x0000000775100000)
  from space 10240K, 86% used [0x0000000775100000,0x000000077599f790,0x0000000775b00000)
  to   space 10752K, 0% used [0x0000000779500000,0x0000000779500000,0x0000000779f80000)
 ParOldGen       total 99328K, used 11870K [0x00000006c1400000, 0x00000006c7500000, 0x000000076b180000)
  object space 99328K, 11% used [0x00000006c1400000,0x00000006c1f97850,0x00000006c7500000)
 Metaspace       used 34185K, capacity 35324K, committed 35416K, reserved 1079296K
  class space    used 4416K, capacity 4640K, committed 4696K, reserved 1048576K
Event: 12.340 GC heap after
Heap after GC invocations=11 (full 2):
 PSYoungGen      total 173568K, used 0K [0x000000076b180000, 0x0000000779f80000, 0x00000007c0000000)
  eden space 163328K, 0% used [0x000000076b180000,0x000000076b180000,0x0000000775100000)
  from space 10240K, 0% used [0x0000000775100000,0x0000000775100000,0x0000000775b00000)
  to   space 10752K, 0% used [0x0000000779500000,0x0000000779500000,0x0000000779f80000)
 ParOldGen       total 161280K, used 16846K [0x00000006c1400000, 0x00000006cb180000, 0x000000076b180000)
  object space 161280K, 10% used [0x00000006c1400000,0x00000006c2473bb0,0x00000006cb180000)
 Metaspace       used 34185K, capacity 35324K, committed 35416K, reserved 1079296K
  class space    used 4416K, capacity 4640K, committed 4696K, reserved 1048576K
}
Event: 15.272 GC heap before
{Heap before GC invocations=12 (full 2):
 PSYoungGen      total 173568K, used 163328K [0x000000076b180000, 0x0000000779f80000, 0x00000007c0000000)
  eden space 163328K, 100% used [0x000000076b180000,0x0000000775100000,0x0000000775100000)
  from space 10240K, 0% used [0x0000000775100000,0x0000000775100000,0x0000000775b00000)
  to   space 10752K, 0% used [0x0000000779500000,0x0000000779500000,0x0000000779f80000)
 ParOldGen       total 161280K, used 16846K [0x00000006c1400000, 0x00000006cb180000, 0x000000076b180000)
  object space 161280K, 10% used [0x00000006c1400000,0x00000006c2473bb0,0x00000006cb180000)
 Metaspace       used 39079K, capacity 40512K, committed 40664K, reserved 1085440K
  class space    used 5028K, capacity 5314K, committed 5336K, reserved 1048576K
Event: 15.286 GC heap after
Heap after GC invocations=12 (full 2):
 PSYoungGen      total 212992K, used 7864K [0x000000076b180000, 0x0000000779d00000, 0x00000007c0000000)
  eden space 204800K, 0% used [0x000000076b180000,0x000000076b180000,0x0000000777980000)
  from space 8192K, 96% used [0x0000000779500000,0x0000000779cae3d8,0x0000000779d00000)
  to   space 10752K, 0% used [0x0000000778800000,0x0000000778800000,0x0000000779280000)
 ParOldGen       total 161280K, used 16854K [0x00000006c1400000, 0x00000006cb180000, 0x000000076b180000)
  object space 161280K, 10% used [0x00000006c1400000,0x00000006c2475bb0,0x00000006cb180000)
 Metaspace       used 39079K, capacity 40512K, committed 40664K, reserved 1085440K
  class space    used 5028K, capacity 5314K, committed 5336K, reserved 1048576K
}

