# JRE version: OpenJDK Runtime Environment (8.0_275-b01) (build 1.8.0_275-b1)
# Java VM: OpenJDK 64-Bit Server VM (25.275-b1 mixed mode windows-amd64 compressed oops)
Heap:
 par new generation   total 78656K, used 12665K [0x00000006c1400000, 0x00000006c6950000, 0x00000006ead90000)
  eden space 69952K,   5% used [0x00000006c1400000, 0x00000006c17de550, 0x00000006c5850000)
  from space 8704K, 100% used [0x00000006c5850000, 0x00000006c60d0000, 0x00000006c60d0000)
  to   space 8704K,   0% used [0x00000006c60d0000, 0x00000006c60d0000, 0x00000006c6950000)
 concurrent mark-sweep generation total 174784K, used 31515K [0x00000006ead90000, 0x00000006f5840000, 0x00000007c0000000)
 Metaspace       used 47793K, capacity 49972K, committed 50208K, reserved 1091584K
  class space    used 6723K, capacity 7106K, committed 7200K, reserved 1048576K
GC Heap History (10 events):
Event: 8.470 GC heap before
{Heap before GC invocations=13 (full 2):
 par new generation   total 78656K, used 78656K [0x00000006c1400000, 0x00000006c6950000, 0x00000006ead90000)
  eden space 69952K, 100% used [0x00000006c1400000, 0x00000006c5850000, 0x00000006c5850000)
  from space 8704K, 100% used [0x00000006c60d0000, 0x00000006c6950000, 0x00000006c6950000)
  to   space 8704K,   0% used [0x00000006c5850000, 0x00000006c5850000, 0x00000006c60d0000)
 concurrent mark-sweep generation total 174784K, used 20467K [0x00000006ead90000, 0x00000006f5840000, 0x00000007c0000000)
 Metaspace       used 40979K, capacity 42688K, committed 42784K, reserved 1085440K
  class space    used 5593K, capacity 5886K, committed 5920K, reserved 1048576K
Event: 8.479 GC heap after
Heap after GC invocations=14 (full 2):
 par new generation   total 78656K, used 6738K [0x00000006c1400000, 0x00000006c6950000, 0x00000006ead90000)
  eden space 69952K,   0% used [0x00000006c1400000, 0x00000006c1400000, 0x00000006c5850000)
  from space 8704K,  77% used [0x00000006c5850000, 0x00000006c5ee48f0, 0x00000006c60d0000)
  to   space 8704K,   0% used [0x00000006c60d0000, 0x00000006c60d0000, 0x00000006c6950000)
 concurrent mark-sweep generation total 174784K, used 27372K [0x00000006ead90000, 0x00000006f5840000, 0x00000007c0000000)
 Metaspace       used 40979K, capacity 42688K, committed 42784K, reserved 1085440K
  class space    used 5593K, capacity 5886K, committed 5920K, reserved 1048576K
}
Event: 9.029 GC heap before
{Heap before GC invocations=14 (full 2):
 par new generation   total 78656K, used 76690K [0x00000006c1400000, 0x00000006c6950000, 0x00000006ead90000)
  eden space 69952K, 100% used [0x00000006c1400000, 0x00000006c5850000, 0x00000006c5850000)
  from space 8704K,  77% used [0x00000006c5850000, 0x00000006c5ee48f0, 0x00000006c60d0000)
  to   space 8704K,   0% used [0x00000006c60d0000, 0x00000006c60d0000, 0x00000006c6950000)
 concurrent mark-sweep generation total 174784K, used 27372K [0x00000006ead90000, 0x00000006f5840000, 0x00000007c0000000)
 Metaspace       used 41993K, capacity 44014K, committed 44064K, reserved 1087488K
  class space    used 5786K, capacity 6175K, committed 6176K, reserved 1048576K
Event: 9.033 GC heap after
Heap after GC invocations=15 (full 2):
 par new generation   total 78656K, used 4561K [0x00000006c1400000, 0x00000006c6950000, 0x00000006ead90000)
  eden space 69952K,   0% used [0x00000006c1400000, 0x00000006c1400000, 0x00000006c5850000)
  from space 8704K,  52% used [0x00000006c60d0000, 0x00000006c6544738, 0x00000006c6950000)
  to   space 8704K,   0% used [0x00000006c5850000, 0x00000006c5850000, 0x00000006c60d0000)
 concurrent mark-sweep generation total 174784K, used 27372K [0x00000006ead90000, 0x00000006f5840000, 0x00000007c0000000)
 Metaspace       used 41993K, capacity 44014K, committed 44064K, reserved 1087488K
  class space    used 5786K, capacity 6175K, committed 6176K, reserved 1048576K
}
Event: 9.522 GC heap before
{Heap before GC invocations=15 (full 2):
 par new generation   total 78656K, used 74513K [0x00000006c1400000, 0x00000006c6950000, 0x00000006ead90000)
  eden space 69952K, 100% used [0x00000006c1400000, 0x00000006c5850000, 0x00000006c5850000)
  from space 8704K,  52% used [0x00000006c60d0000, 0x00000006c6544738, 0x00000006c6950000)
  to   space 8704K,   0% used [0x00000006c5850000, 0x00000006c5850000, 0x00000006c60d0000)
 concurrent mark-sweep generation total 174784K, used 27372K [0x00000006ead90000, 0x00000006f5840000, 0x00000007c0000000)
 Metaspace       used 42753K, capacity 44924K, committed 45088K, reserved 1087488K
  class space    used 5909K, capacity 6310K, committed 6432K, reserved 1048576K
Event: 9.526 GC heap after
Heap after GC invocations=16 (full 2):
 par new generation   total 78656K, used 6244K [0x00000006c1400000, 0x00000006c6950000, 0x00000006ead90000)
  eden space 69952K,   0% used [0x00000006c1400000, 0x00000006c1400000, 0x00000006c5850000)
  from space 8704K,  71% used [0x00000006c5850000, 0x00000006c5e69140, 0x00000006c60d0000)
  to   space 8704K,   0% used [0x00000006c60d0000, 0x00000006c60d0000, 0x00000006c6950000)
 concurrent mark-sweep generation total 174784K, used 27372K [0x00000006ead90000, 0x00000006f5840000, 0x00000007c0000000)
 Metaspace       used 42753K, capacity 44924K, committed 45088K, reserved 1087488K
  class space    used 5909K, capacity 6310K, committed 6432K, reserved 1048576K
}
Event: 31.961 GC heap before
{Heap before GC invocations=16 (full 2):
 par new generation   total 78656K, used 76196K [0x00000006c1400000, 0x00000006c6950000, 0x00000006ead90000)
  eden space 69952K, 100% used [0x00000006c1400000, 0x00000006c5850000, 0x00000006c5850000)
  from space 8704K,  71% used [0x00000006c5850000, 0x00000006c5e69140, 0x00000006c60d0000)
  to   space 8704K,   0% used [0x00000006c60d0000, 0x00000006c60d0000, 0x00000006c6950000)
 concurrent mark-sweep generation total 174784K, used 27372K [0x00000006ead90000, 0x00000006f5840000, 0x00000007c0000000)
 Metaspace       used 44390K, capacity 46572K, committed 46752K, reserved 1089536K
  class space    used 6109K, capacity 6486K, committed 6560K, reserved 1048576K
Event: 31.967 GC heap after
Heap after GC invocations=17 (full 2):
 par new generation   total 78656K, used 8225K [0x00000006c1400000, 0x00000006c6950000, 0x00000006ead90000)
  eden space 69952K,   0% used [0x00000006c1400000, 0x00000006c1400000, 0x00000006c5850000)
  from space 8704K,  94% used [0x00000006c60d0000, 0x00000006c68d8618, 0x00000006c6950000)
  to   space 8704K,   0% used [0x00000006c5850000, 0x00000006c5850000, 0x00000006c60d0000)
 concurrent mark-sweep generation total 174784K, used 28446K [0x00000006ead90000, 0x00000006f5840000, 0x00000007c0000000)
 Metaspace       used 44390K, capacity 46572K, committed 46752K, reserved 1089536K
  class space    used 6109K, capacity 6486K, committed 6560K, reserved 1048576K
}
Event: 36.141 GC heap before
{Heap before GC invocations=17 (full 2):
 par new generation   total 78656K, used 78177K [0x00000006c1400000, 0x00000006c6950000, 0x00000006ead90000)
  eden space 69952K, 100% used [0x00000006c1400000, 0x00000006c5850000, 0x00000006c5850000)
  from space 8704K,  94% used [0x00000006c60d0000, 0x00000006c68d8618, 0x00000006c6950000)
  to   space 8704K,   0% used [0x00000006c5850000, 0x00000006c5850000, 0x00000006c60d0000)
 concurrent mark-sweep generation total 174784K, used 28446K [0x00000006ead90000, 0x00000006f5840000, 0x00000007c0000000)
 Metaspace       used 47789K, capacity 49972K, committed 50208K, reserved 1091584K
  class space    used 6722K, capacity 7106K, committed 7200K, reserved 1048576K
Event: 36.150 GC heap after
Heap after GC invocations=18 (full 2):
 par new generation   total 78656K, used 8704K [0x00000006c1400000, 0x00000006c6950000, 0x00000006ead90000)
  eden space 69952K,   0% used [0x00000006c1400000, 0x00000006c1400000, 0x00000006c5850000)
  from space 8704K, 100% used [0x00000006c5850000, 0x00000006c60d0000, 0x00000006c60d0000)
  to   space 8704K,   0% used [0x00000006c60d0000, 0x00000006c60d0000, 0x00000006c6950000)
 concurrent mark-sweep generation total 174784K, used 31515K [0x00000006ead90000, 0x00000006f5840000, 0x00000007c0000000)
 Metaspace       used 47789K, capacity 49972K, committed 50208K, reserved 1091584K
  class space    used 6722K, capacity 7106K, committed 7200K, reserved 1048576K
}

