# JRE version: OpenJDK Runtime Environment (Zulu 8.48.0.53-CA-win64) (8.0_265-b11) (build 1.8.0_265-b11)
# Java VM: OpenJDK 64-Bit Server VM (25.265-b11 mixed mode windows-amd64 compressed oops)
Heap:
 PSYoungGen      total 320000K, used 62612K [0x000000076b180000, 0x0000000782300000, 0x00000007c0000000)
  eden space 301568K, 15% used [0x000000076b180000,0x000000076ddfa260,0x000000077d800000)
  from space 18432K, 92% used [0x000000077d800000,0x000000077e8aaef8,0x000000077ea00000)
  to   space 19968K, 0% used [0x0000000780f80000,0x0000000780f80000,0x0000000782300000)
 ParOldGen       total 246272K, used 36820K [0x00000006c1400000, 0x00000006d0480000, 0x000000076b180000)
  object space 246272K, 14% used [0x00000006c1400000,0x00000006c37f5048,0x00000006d0480000)
 Metaspace       used 74521K, capacity 77504K, committed 77656K, reserved 1116160K
  class space    used 9736K, capacity 10256K, committed 10368K, reserved 1048576K
GC Heap History (10 events):
Event: 24.470 GC heap before
{Heap before GC invocations=14 (full 2):
 PSYoungGen      total 224256K, used 224250K [0x000000076b180000, 0x000000077bc80000, 0x00000007c0000000)
  eden space 214016K, 100% used [0x000000076b180000,0x0000000778280000,0x0000000778280000)
  from space 10240K, 99% used [0x0000000778280000,0x0000000778c7e9b8,0x0000000778c80000)
  to   space 13312K, 0% used [0x000000077af80000,0x000000077af80000,0x000000077bc80000)
 ParOldGen       total 163328K, used 22111K [0x00000006c1400000, 0x00000006cb380000, 0x000000076b180000)
  object space 163328K, 13% used [0x00000006c1400000,0x00000006c2997cd8,0x00000006cb380000)
 Metaspace       used 48146K, capacity 50254K, committed 50392K, reserved 1093632K
  class space    used 6193K, capacity 6565K, committed 6656K, reserved 1048576K
Event: 24.505 GC heap after
Heap after GC invocations=14 (full 2):
 PSYoungGen      total 259072K, used 12233K [0x000000076b180000, 0x000000077d180000, 0x00000007c0000000)
  eden space 245760K, 0% used [0x000000076b180000,0x000000076b180000,0x000000077a180000)
  from space 13312K, 91% used [0x000000077af80000,0x000000077bb72710,0x000000077bc80000)
  to   space 14336K, 0% used [0x000000077a180000,0x000000077a180000,0x000000077af80000)
 ParOldGen       total 163328K, used 25707K [0x00000006c1400000, 0x00000006cb380000, 0x000000076b180000)
  object space 163328K, 15% used [0x00000006c1400000,0x00000006c2d1ad48,0x00000006cb380000)
 Metaspace       used 48146K, capacity 50254K, committed 50392K, reserved 1093632K
  class space    used 6193K, capacity 6565K, committed 6656K, reserved 1048576K
}
Event: 26.972 GC heap before
{Heap before GC invocations=15 (full 2):
 PSYoungGen      total 259072K, used 139819K [0x000000076b180000, 0x000000077d180000, 0x00000007c0000000)
  eden space 245760K, 51% used [0x000000076b180000,0x0000000772e18680,0x000000077a180000)
  from space 13312K, 91% used [0x000000077af80000,0x000000077bb72710,0x000000077bc80000)
  to   space 14336K, 0% used [0x000000077a180000,0x000000077a180000,0x000000077af80000)
 ParOldGen       total 163328K, used 25707K [0x00000006c1400000, 0x00000006cb380000, 0x000000076b180000)
  object space 163328K, 15% used [0x00000006c1400000,0x00000006c2d1ad48,0x00000006cb380000)
 Metaspace       used 56692K, capacity 58852K, committed 59028K, reserved 1101824K
  class space    used 7279K, capacity 7668K, committed 7680K, reserved 1048576K
Event: 26.997 GC heap after
Heap after GC invocations=15 (full 2):
 PSYoungGen      total 260096K, used 14313K [0x000000076b180000, 0x000000077ff80000, 0x00000007c0000000)
  eden space 245760K, 0% used [0x000000076b180000,0x000000076b180000,0x000000077a180000)
  from space 14336K, 99% used [0x000000077a180000,0x000000077af7a530,0x000000077af80000)
  to   space 17408K, 0% used [0x000000077ee80000,0x000000077ee80000,0x000000077ff80000)
 ParOldGen       total 163328K, used 30002K [0x00000006c1400000, 0x00000006cb380000, 0x000000076b180000)
  object space 163328K, 18% used [0x00000006c1400000,0x00000006c314c848,0x00000006cb380000)
 Metaspace       used 56692K, capacity 58852K, committed 59028K, reserved 1101824K
  class space    used 7279K, capacity 7668K, committed 7680K, reserved 1048576K
}
Event: 26.997 GC heap before
{Heap before GC invocations=16 (full 3):
 PSYoungGen      total 260096K, used 14313K [0x000000076b180000, 0x000000077ff80000, 0x00000007c0000000)
  eden space 245760K, 0% used [0x000000076b180000,0x000000076b180000,0x000000077a180000)
  from space 14336K, 99% used [0x000000077a180000,0x000000077af7a530,0x000000077af80000)
  to   space 17408K, 0% used [0x000000077ee80000,0x000000077ee80000,0x000000077ff80000)
 ParOldGen       total 163328K, used 30002K [0x00000006c1400000, 0x00000006cb380000, 0x000000076b180000)
  object space 163328K, 18% used [0x00000006c1400000,0x00000006c314c848,0x00000006cb380000)
 Metaspace       used 56692K, capacity 58852K, committed 59028K, reserved 1101824K
  class space    used 7279K, capacity 7668K, committed 7680K, reserved 1048576K
Event: 27.449 GC heap after
Heap after GC invocations=16 (full 3):
 PSYoungGen      total 260096K, used 0K [0x000000076b180000, 0x000000077ff80000, 0x00000007c0000000)
  eden space 245760K, 0% used [0x000000076b180000,0x000000076b180000,0x000000077a180000)
  from space 14336K, 0% used [0x000000077a180000,0x000000077a180000,0x000000077af80000)
  to   space 17408K, 0% used [0x000000077ee80000,0x000000077ee80000,0x000000077ff80000)
 ParOldGen       total 246272K, used 36804K [0x00000006c1400000, 0x00000006d0480000, 0x000000076b180000)
  object space 246272K, 14% used [0x00000006c1400000,0x00000006c37f1048,0x00000006d0480000)
 Metaspace       used 56692K, capacity 58852K, committed 59028K, reserved 1101824K
  class space    used 7279K, capacity 7668K, committed 7680K, reserved 1048576K
}
Event: 32.256 GC heap before
{Heap before GC invocations=17 (full 3):
 PSYoungGen      total 260096K, used 245760K [0x000000076b180000, 0x000000077ff80000, 0x00000007c0000000)
  eden space 245760K, 100% used [0x000000076b180000,0x000000077a180000,0x000000077a180000)
  from space 14336K, 0% used [0x000000077a180000,0x000000077a180000,0x000000077af80000)
  to   space 17408K, 0% used [0x000000077ee80000,0x000000077ee80000,0x000000077ff80000)
 ParOldGen       total 246272K, used 36804K [0x00000006c1400000, 0x00000006d0480000, 0x000000076b180000)
  object space 246272K, 14% used [0x00000006c1400000,0x00000006c37f1048,0x00000006d0480000)
 Metaspace       used 66696K, capacity 69306K, committed 69336K, reserved 1110016K
  class space    used 8761K, capacity 9207K, committed 9216K, reserved 1048576K
Event: 32.280 GC heap after
Heap after GC invocations=17 (full 3):
 PSYoungGen      total 302592K, used 13755K [0x000000076b180000, 0x000000077fc00000, 0x00000007c0000000)
  eden space 288768K, 0% used [0x000000076b180000,0x000000076b180000,0x000000077cb80000)
  from space 13824K, 99% used [0x000000077ee80000,0x000000077fbeecb0,0x000000077fc00000)
  to   space 18432K, 0% used [0x000000077d800000,0x000000077d800000,0x000000077ea00000)
 ParOldGen       total 246272K, used 36812K [0x00000006c1400000, 0x00000006d0480000, 0x000000076b180000)
  object space 246272K, 14% used [0x00000006c1400000,0x00000006c37f3048,0x00000006d0480000)
 Metaspace       used 66696K, capacity 69306K, committed 69336K, reserved 1110016K
  class space    used 8761K, capacity 9207K, committed 9216K, reserved 1048576K
}
Event: 36.836 GC heap before
{Heap before GC invocations=18 (full 3):
 PSYoungGen      total 302592K, used 302523K [0x000000076b180000, 0x000000077fc00000, 0x00000007c0000000)
  eden space 288768K, 100% used [0x000000076b180000,0x000000077cb80000,0x000000077cb80000)
  from space 13824K, 99% used [0x000000077ee80000,0x000000077fbeecb0,0x000000077fc00000)
  to   space 18432K, 0% used [0x000000077d800000,0x000000077d800000,0x000000077ea00000)
 ParOldGen       total 246272K, used 36812K [0x00000006c1400000, 0x00000006d0480000, 0x000000076b180000)
  object space 246272K, 14% used [0x00000006c1400000,0x00000006c37f3048,0x00000006d0480000)
 Metaspace       used 73397K, capacity 76366K, committed 76632K, reserved 1116160K
  class space    used 9570K, capacity 10091K, committed 10112K, reserved 1048576K
Event: 36.867 GC heap after
Heap after GC invocations=18 (full 3):
 PSYoungGen      total 320000K, used 17067K [0x000000076b180000, 0x0000000782300000, 0x00000007c0000000)
  eden space 301568K, 0% used [0x000000076b180000,0x000000076b180000,0x000000077d800000)
  from space 18432K, 92% used [0x000000077d800000,0x000000077e8aaef8,0x000000077ea00000)
  to   space 19968K, 0% used [0x0000000780f80000,0x0000000780f80000,0x0000000782300000)
 ParOldGen       total 246272K, used 36820K [0x00000006c1400000, 0x00000006d0480000, 0x000000076b180000)
  object space 246272K, 14% used [0x00000006c1400000,0x00000006c37f5048,0x00000006d0480000)
 Metaspace       used 73397K, capacity 76366K, committed 76632K, reserved 1116160K
  class space    used 9570K, capacity 10091K, committed 10112K, reserved 1048576K
}

