# JRE version: OpenJDK Runtime Environment (Zulu 8.48.0.53-CA-win64) (8.0_265-b11) (build 1.8.0_265-b11)
# Java VM: OpenJDK 64-Bit Server VM (25.265-b11 mixed mode windows-amd64 compressed oops)
Heap:
 PSYoungGen      total 171520K, used 50835K [0x000000076b180000, 0x0000000779980000, 0x00000007c0000000)
  eden space 161280K, 31% used [0x000000076b180000,0x000000076e324fa8,0x0000000774f00000)
  from space 10240K, 0% used [0x0000000774f00000,0x0000000774f00000,0x0000000775900000)
  to   space 10752K, 0% used [0x0000000778f00000,0x0000000778f00000,0x0000000779980000)
 ParOldGen       total 99328K, used 16874K [0x00000006c1400000, 0x00000006c7500000, 0x000000076b180000)
  object space 99328K, 16% used [0x00000006c1400000,0x00000006c247a890,0x00000006c7500000)
 Metaspace       used 36533K, capacity 37728K, committed 37848K, reserved 1081344K
  class space    used 4727K, capacity 4992K, committed 5080K, reserved 1048576K
GC Heap History (10 events):
Event: 8.351 GC heap before
{Heap before GC invocations=7 (full 1):
 PSYoungGen      total 76288K, used 71224K [0x000000076b180000, 0x0000000772680000, 0x00000007c0000000)
  eden space 65536K, 99% used [0x000000076b180000,0x000000076f17fe98,0x000000076f180000)
  from space 10752K, 52% used [0x000000076f180000,0x000000076f70e538,0x000000076fc00000)
  to   space 8192K, 0% used [0x0000000771e80000,0x0000000771e80000,0x0000000772680000)
 ParOldGen       total 99328K, used 6878K [0x00000006c1400000, 0x00000006c7500000, 0x000000076b180000)
  object space 99328K, 6% used [0x00000006c1400000,0x00000006c1ab7928,0x00000006c7500000)
 Metaspace       used 29230K, capacity 30026K, committed 30336K, reserved 1075200K
  class space    used 3703K, capacity 3885K, committed 3968K, reserved 1048576K
Event: 8.363 GC heap after
Heap after GC invocations=7 (full 1):
 PSYoungGen      total 111616K, used 5228K [0x000000076b180000, 0x0000000772780000, 0x00000007c0000000)
  eden space 103424K, 0% used [0x000000076b180000,0x000000076b180000,0x0000000771680000)
  from space 8192K, 63% used [0x0000000771e80000,0x000000077239b140,0x0000000772680000)
  to   space 8192K, 0% used [0x0000000771680000,0x0000000771680000,0x0000000771e80000)
 ParOldGen       total 99328K, used 6886K [0x00000006c1400000, 0x00000006c7500000, 0x000000076b180000)
  object space 99328K, 6% used [0x00000006c1400000,0x00000006c1ab9928,0x00000006c7500000)
 Metaspace       used 29230K, capacity 30026K, committed 30336K, reserved 1075200K
  class space    used 3703K, capacity 3885K, committed 3968K, reserved 1048576K
}
Event: 9.765 GC heap before
{Heap before GC invocations=8 (full 1):
 PSYoungGen      total 111616K, used 108652K [0x000000076b180000, 0x0000000772780000, 0x00000007c0000000)
  eden space 103424K, 100% used [0x000000076b180000,0x0000000771680000,0x0000000771680000)
  from space 8192K, 63% used [0x0000000771e80000,0x000000077239b140,0x0000000772680000)
  to   space 8192K, 0% used [0x0000000771680000,0x0000000771680000,0x0000000771e80000)
 ParOldGen       total 99328K, used 6886K [0x00000006c1400000, 0x00000006c7500000, 0x000000076b180000)
  object space 99328K, 6% used [0x00000006c1400000,0x00000006c1ab9928,0x00000006c7500000)
 Metaspace       used 30457K, capacity 31294K, committed 31488K, reserved 1077248K
  class space    used 3850K, capacity 4057K, committed 4096K, reserved 1048576K
Event: 9.779 GC heap after
Heap after GC invocations=8 (full 1):
 PSYoungGen      total 111616K, used 7835K [0x000000076b180000, 0x0000000776200000, 0x00000007c0000000)
  eden space 103424K, 0% used [0x000000076b180000,0x000000076b180000,0x0000000771680000)
  from space 8192K, 95% used [0x0000000771680000,0x0000000771e26f78,0x0000000771e80000)
  to   space 8704K, 0% used [0x0000000775980000,0x0000000775980000,0x0000000776200000)
 ParOldGen       total 99328K, used 6894K [0x00000006c1400000, 0x00000006c7500000, 0x000000076b180000)
  object space 99328K, 6% used [0x00000006c1400000,0x00000006c1abb928,0x00000006c7500000)
 Metaspace       used 30457K, capacity 31294K, committed 31488K, reserved 1077248K
  class space    used 3850K, capacity 4057K, committed 4096K, reserved 1048576K
}
Event: 11.352 GC heap before
{Heap before GC invocations=9 (full 1):
 PSYoungGen      total 111616K, used 111259K [0x000000076b180000, 0x0000000776200000, 0x00000007c0000000)
  eden space 103424K, 100% used [0x000000076b180000,0x0000000771680000,0x0000000771680000)
  from space 8192K, 95% used [0x0000000771680000,0x0000000771e26f78,0x0000000771e80000)
  to   space 8704K, 0% used [0x0000000775980000,0x0000000775980000,0x0000000776200000)
 ParOldGen       total 99328K, used 6894K [0x00000006c1400000, 0x00000006c7500000, 0x000000076b180000)
  object space 99328K, 6% used [0x00000006c1400000,0x00000006c1abb928,0x00000006c7500000)
 Metaspace       used 32034K, capacity 33146K, committed 33280K, reserved 1079296K
  class space    used 4091K, capacity 4313K, committed 4352K, reserved 1048576K
Event: 11.365 GC heap after
Heap after GC invocations=9 (full 1):
 PSYoungGen      total 169984K, used 8682K [0x000000076b180000, 0x0000000776300000, 0x00000007c0000000)
  eden space 161280K, 0% used [0x000000076b180000,0x000000076b180000,0x0000000774f00000)
  from space 8704K, 99% used [0x0000000775980000,0x00000007761faa40,0x0000000776200000)
  to   space 10240K, 0% used [0x0000000774f00000,0x0000000774f00000,0x0000000775900000)
 ParOldGen       total 99328K, used 8847K [0x00000006c1400000, 0x00000006c7500000, 0x000000076b180000)
  object space 99328K, 8% used [0x00000006c1400000,0x00000006c1ca3cf8,0x00000006c7500000)
 Metaspace       used 32034K, capacity 33146K, committed 33280K, reserved 1079296K
  class space    used 4091K, capacity 4313K, committed 4352K, reserved 1048576K
}
Event: 12.738 GC heap before
{Heap before GC invocations=10 (full 1):
 PSYoungGen      total 169984K, used 106827K [0x000000076b180000, 0x0000000776300000, 0x00000007c0000000)
  eden space 161280K, 60% used [0x000000076b180000,0x0000000771158220,0x0000000774f00000)
  from space 8704K, 99% used [0x0000000775980000,0x00000007761faa40,0x0000000776200000)
  to   space 10240K, 0% used [0x0000000774f00000,0x0000000774f00000,0x0000000775900000)
 ParOldGen       total 99328K, used 8847K [0x00000006c1400000, 0x00000006c7500000, 0x000000076b180000)
  object space 99328K, 8% used [0x00000006c1400000,0x00000006c1ca3cf8,0x00000006c7500000)
 Metaspace       used 34171K, capacity 35328K, committed 35416K, reserved 1079296K
  class space    used 4418K, capacity 4640K, committed 4696K, reserved 1048576K
Event: 12.754 GC heap after
Heap after GC invocations=10 (full 1):
 PSYoungGen      total 171520K, used 8872K [0x000000076b180000, 0x0000000779980000, 0x00000007c0000000)
  eden space 161280K, 0% used [0x000000076b180000,0x000000076b180000,0x0000000774f00000)
  from space 10240K, 86% used [0x0000000774f00000,0x00000007757aa2f0,0x0000000775900000)
  to   space 10752K, 0% used [0x0000000778f00000,0x0000000778f00000,0x0000000779980000)
 ParOldGen       total 99328K, used 11766K [0x00000006c1400000, 0x00000006c7500000, 0x000000076b180000)
  object space 99328K, 11% used [0x00000006c1400000,0x00000006c1f7dbf8,0x00000006c7500000)
 Metaspace       used 34171K, capacity 35328K, committed 35416K, reserved 1079296K
  class space    used 4418K, capacity 4640K, committed 4696K, reserved 1048576K
}
Event: 12.754 GC heap before
{Heap before GC invocations=11 (full 2):
 PSYoungGen      total 171520K, used 8872K [0x000000076b180000, 0x0000000779980000, 0x00000007c0000000)
  eden space 161280K, 0% used [0x000000076b180000,0x000000076b180000,0x0000000774f00000)
  from space 10240K, 86% used [0x0000000774f00000,0x00000007757aa2f0,0x0000000775900000)
  to   space 10752K, 0% used [0x0000000778f00000,0x0000000778f00000,0x0000000779980000)
 ParOldGen       total 99328K, used 11766K [0x00000006c1400000, 0x00000006c7500000, 0x000000076b180000)
  object space 99328K, 11% used [0x00000006c1400000,0x00000006c1f7dbf8,0x00000006c7500000)
 Metaspace       used 34171K, capacity 35328K, committed 35416K, reserved 1079296K
  class space    used 4418K, capacity 4640K, committed 4696K, reserved 1048576K
Event: 12.858 GC heap after
Heap after GC invocations=11 (full 2):
 PSYoungGen      total 171520K, used 0K [0x000000076b180000, 0x0000000779980000, 0x00000007c0000000)
  eden space 161280K, 0% used [0x000000076b180000,0x000000076b180000,0x0000000774f00000)
  from space 10240K, 0% used [0x0000000774f00000,0x0000000774f00000,0x0000000775900000)
  to   space 10752K, 0% used [0x0000000778f00000,0x0000000778f00000,0x0000000779980000)
 ParOldGen       total 99328K, used 16874K [0x00000006c1400000, 0x00000006c7500000, 0x000000076b180000)
  object space 99328K, 16% used [0x00000006c1400000,0x00000006c247a890,0x00000006c7500000)
 Metaspace       used 34171K, capacity 35328K, committed 35416K, reserved 1079296K
  class space    used 4418K, capacity 4640K, committed 4696K, reserved 1048576K
}

