# JRE version: Java(TM) SE Runtime Environment (8.0_161-b12) (build 1.8.0_161-b12)
# Java VM: Java HotSpot(TM) 64-Bit Server VM (25.161-b12 mixed mode windows-amd64 compressed oops)
Heap:
 PSYoungGen      total 171520K, used 115189K [0x000000076b180000, 0x0000000779f80000, 0x00000007c0000000)
  eden space 159744K, 72% used [0x000000076b180000,0x00000007721fd638,0x0000000774d80000)
  from space 11776K, 0% used [0x0000000774d80000,0x0000000774d80000,0x0000000775900000)
  to   space 12800K, 0% used [0x0000000779300000,0x0000000779300000,0x0000000779f80000)
 ParOldGen       total 96768K, used 17440K [0x00000006c1400000, 0x00000006c7280000, 0x000000076b180000)
  object space 96768K, 18% used [0x00000006c1400000,0x00000006c2508168,0x00000006c7280000)
 Metaspace       used 37642K, capacity 38944K, committed 39040K, reserved 1083392K
  class space    used 4908K, capacity 5192K, committed 5248K, reserved 1048576K
GC Heap History (10 events):
Event: 4.709 GC heap before
{Heap before GC invocations=7 (full 1):
 PSYoungGen      total 76288K, used 68154K [0x000000076b180000, 0x0000000772a00000, 0x00000007c0000000)
  eden space 65536K, 100% used [0x000000076b180000,0x000000076f180000,0x000000076f180000)
  from space 10752K, 24% used [0x000000076f180000,0x000000076f40e830,0x000000076fc00000)
  to   space 9216K, 0% used [0x0000000772100000,0x0000000772100000,0x0000000772a00000)
 ParOldGen       total 96768K, used 6564K [0x00000006c1400000, 0x00000006c7280000, 0x000000076b180000)
  object space 96768K, 6% used [0x00000006c1400000,0x00000006c1a691e0,0x00000006c7280000)
 Metaspace       used 25980K, capacity 26800K, committed 26880K, reserved 1073152K
  class space    used 3316K, capacity 3518K, committed 3584K, reserved 1048576K
Event: 4.713 GC heap after
Heap after GC invocations=7 (full 1):
 PSYoungGen      total 112128K, used 4477K [0x000000076b180000, 0x0000000772900000, 0x00000007c0000000)
  eden space 103936K, 0% used [0x000000076b180000,0x000000076b180000,0x0000000771700000)
  from space 8192K, 54% used [0x0000000772100000,0x000000077255f560,0x0000000772900000)
  to   space 9216K, 0% used [0x0000000771700000,0x0000000771700000,0x0000000772000000)
 ParOldGen       total 96768K, used 6572K [0x00000006c1400000, 0x00000006c7280000, 0x000000076b180000)
  object space 96768K, 6% used [0x00000006c1400000,0x00000006c1a6b1e0,0x00000006c7280000)
 Metaspace       used 25980K, capacity 26800K, committed 26880K, reserved 1073152K
  class space    used 3316K, capacity 3518K, committed 3584K, reserved 1048576K
}
Event: 6.489 GC heap before
{Heap before GC invocations=8 (full 1):
 PSYoungGen      total 112128K, used 108413K [0x000000076b180000, 0x0000000772900000, 0x00000007c0000000)
  eden space 103936K, 100% used [0x000000076b180000,0x0000000771700000,0x0000000771700000)
  from space 8192K, 54% used [0x0000000772100000,0x000000077255f560,0x0000000772900000)
  to   space 9216K, 0% used [0x0000000771700000,0x0000000771700000,0x0000000772000000)
 ParOldGen       total 96768K, used 6572K [0x00000006c1400000, 0x00000006c7280000, 0x000000076b180000)
  object space 96768K, 6% used [0x00000006c1400000,0x00000006c1a6b1e0,0x00000006c7280000)
 Metaspace       used 30760K, capacity 31668K, committed 31872K, reserved 1077248K
  class space    used 3948K, capacity 4160K, committed 4224K, reserved 1048576K
Event: 6.496 GC heap after
Heap after GC invocations=8 (full 1):
 PSYoungGen      total 113152K, used 9190K [0x000000076b180000, 0x0000000776380000, 0x00000007c0000000)
  eden space 103936K, 0% used [0x000000076b180000,0x000000076b180000,0x0000000771700000)
  from space 9216K, 99% used [0x0000000771700000,0x0000000771ff98c8,0x0000000772000000)
  to   space 10752K, 0% used [0x0000000775900000,0x0000000775900000,0x0000000776380000)
 ParOldGen       total 96768K, used 7424K [0x00000006c1400000, 0x00000006c7280000, 0x000000076b180000)
  object space 96768K, 7% used [0x00000006c1400000,0x00000006c1b402a0,0x00000006c7280000)
 Metaspace       used 30760K, capacity 31668K, committed 31872K, reserved 1077248K
  class space    used 3948K, capacity 4160K, committed 4224K, reserved 1048576K
}
Event: 6.966 GC heap before
{Heap before GC invocations=9 (full 1):
 PSYoungGen      total 113152K, used 113126K [0x000000076b180000, 0x0000000776380000, 0x00000007c0000000)
  eden space 103936K, 100% used [0x000000076b180000,0x0000000771700000,0x0000000771700000)
  from space 9216K, 99% used [0x0000000771700000,0x0000000771ff98c8,0x0000000772000000)
  to   space 10752K, 0% used [0x0000000775900000,0x0000000775900000,0x0000000776380000)
 ParOldGen       total 96768K, used 7424K [0x00000006c1400000, 0x00000006c7280000, 0x000000076b180000)
  object space 96768K, 7% used [0x00000006c1400000,0x00000006c1b402a0,0x00000006c7280000)
 Metaspace       used 32046K, capacity 33026K, committed 33152K, reserved 1077248K
  class space    used 4133K, capacity 4375K, committed 4480K, reserved 1048576K
Event: 6.974 GC heap after
Heap after GC invocations=9 (full 1):
 PSYoungGen      total 170496K, used 9538K [0x000000076b180000, 0x0000000776b80000, 0x00000007c0000000)
  eden space 159744K, 0% used [0x000000076b180000,0x000000076b180000,0x0000000774d80000)
  from space 10752K, 88% used [0x0000000775900000,0x0000000776250bc8,0x0000000776380000)
  to   space 11776K, 0% used [0x0000000774d80000,0x0000000774d80000,0x0000000775900000)
 ParOldGen       total 96768K, used 7432K [0x00000006c1400000, 0x00000006c7280000, 0x000000076b180000)
  object space 96768K, 7% used [0x00000006c1400000,0x00000006c1b422a0,0x00000006c7280000)
 Metaspace       used 32046K, capacity 33026K, committed 33152K, reserved 1077248K
  class space    used 4133K, capacity 4375K, committed 4480K, reserved 1048576K
}
Event: 7.698 GC heap before
{Heap before GC invocations=10 (full 1):
 PSYoungGen      total 170496K, used 138854K [0x000000076b180000, 0x0000000776b80000, 0x00000007c0000000)
  eden space 159744K, 80% used [0x000000076b180000,0x0000000772fc8f78,0x0000000774d80000)
  from space 10752K, 88% used [0x0000000775900000,0x0000000776250bc8,0x0000000776380000)
  to   space 11776K, 0% used [0x0000000774d80000,0x0000000774d80000,0x0000000775900000)
 ParOldGen       total 96768K, used 7432K [0x00000006c1400000, 0x00000006c7280000, 0x000000076b180000)
  object space 96768K, 7% used [0x00000006c1400000,0x00000006c1b422a0,0x00000006c7280000)
 Metaspace       used 34196K, capacity 35406K, committed 35456K, reserved 1079296K
  class space    used 4446K, capacity 4711K, committed 4736K, reserved 1048576K
Event: 7.706 GC heap after
Heap after GC invocations=10 (full 1):
 PSYoungGen      total 171520K, used 10610K [0x000000076b180000, 0x0000000779f80000, 0x00000007c0000000)
  eden space 159744K, 0% used [0x000000076b180000,0x000000076b180000,0x0000000774d80000)
  from space 11776K, 90% used [0x0000000774d80000,0x00000007757dc920,0x0000000775900000)
  to   space 12800K, 0% used [0x0000000779300000,0x0000000779300000,0x0000000779f80000)
 ParOldGen       total 96768K, used 9208K [0x00000006c1400000, 0x00000006c7280000, 0x000000076b180000)
  object space 96768K, 9% used [0x00000006c1400000,0x00000006c1cfe300,0x00000006c7280000)
 Metaspace       used 34196K, capacity 35406K, committed 35456K, reserved 1079296K
  class space    used 4446K, capacity 4711K, committed 4736K, reserved 1048576K
}
Event: 7.706 GC heap before
{Heap before GC invocations=11 (full 2):
 PSYoungGen      total 171520K, used 10610K [0x000000076b180000, 0x0000000779f80000, 0x00000007c0000000)
  eden space 159744K, 0% used [0x000000076b180000,0x000000076b180000,0x0000000774d80000)
  from space 11776K, 90% used [0x0000000774d80000,0x00000007757dc920,0x0000000775900000)
  to   space 12800K, 0% used [0x0000000779300000,0x0000000779300000,0x0000000779f80000)
 ParOldGen       total 96768K, used 9208K [0x00000006c1400000, 0x00000006c7280000, 0x000000076b180000)
  object space 96768K, 9% used [0x00000006c1400000,0x00000006c1cfe300,0x00000006c7280000)
 Metaspace       used 34196K, capacity 35406K, committed 35456K, reserved 1079296K
  class space    used 4446K, capacity 4711K, committed 4736K, reserved 1048576K
Event: 7.754 GC heap after
Heap after GC invocations=11 (full 2):
 PSYoungGen      total 171520K, used 0K [0x000000076b180000, 0x0000000779f80000, 0x00000007c0000000)
  eden space 159744K, 0% used [0x000000076b180000,0x000000076b180000,0x0000000774d80000)
  from space 11776K, 0% used [0x0000000774d80000,0x0000000774d80000,0x0000000775900000)
  to   space 12800K, 0% used [0x0000000779300000,0x0000000779300000,0x0000000779f80000)
 ParOldGen       total 96768K, used 17440K [0x00000006c1400000, 0x00000006c7280000, 0x000000076b180000)
  object space 96768K, 18% used [0x00000006c1400000,0x00000006c2508168,0x00000006c7280000)
 Metaspace       used 34196K, capacity 35406K, committed 35456K, reserved 1079296K
  class space    used 4446K, capacity 4711K, committed 4736K, reserved 1048576K
}

